<?xml version="1.0" encoding="UTF-8"?>
<!-- Generated by org.testng.reporters.JUnitReportReporter -->
<testsuite hostname="WKWIN5154091" failures="0" tests="5" name="com.qa.test.GetCapitalInfo" time="6.902" errors="0" timestamp="2019-10-05T18:53:50 IST" skipped="0">
  <testcase classname="com.qa.test.GetCapitalInfo" name="GetCapitalInfoTest" time="0.689"/>
  <testcase classname="com.qa.test.GetCapitalInfo" name="GetCapitalInfoTest" time="0.819"/>
  <testcase classname="com.qa.test.GetCapitalInfo" name="GetCapitalInfoTest" time="0.770"/>
  <testcase classname="com.qa.test.GetCapitalInfo" name="GetCapitalInfoTest" time="3.882"/>
  <testcase classname="com.qa.test.GetCapitalInfo" name="GetCapitalInfoTest" time="0.742"/>
</testsuite> <!-- com.qa.test.GetCapitalInfo -->
