<?xml version="1.0" encoding="UTF-8"?>
<!-- Generated by org.testng.reporters.JUnitReportReporter -->
<testsuite hostname="WKWIN5154091" failures="0" tests="5" name="com.qa.test.GetCapitalInfo" time="5.987" errors="0" timestamp="2019-11-29T22:36:37 IST" skipped="0">
  <testcase classname="com.qa.test.GetCapitalInfo" name="GetCapitalInfoTest" time="3.424"/>
  <testcase classname="com.qa.test.GetCapitalInfo" name="GetCapitalInfoTest" time="0.660"/>
  <testcase classname="com.qa.test.GetCapitalInfo" name="GetCapitalInfoTest" time="0.641"/>
  <testcase classname="com.qa.test.GetCapitalInfo" name="GetCapitalInfoTest" time="0.626"/>
  <testcase classname="com.qa.test.GetCapitalInfo" name="GetCapitalInfoTest" time="0.636"/>
</testsuite> <!-- com.qa.test.GetCapitalInfo -->
